<?xml version="1.0" encoding="UTF-8"?>
<testng-results skipped="0" failed="0" ignored="0" total="1" passed="1">
  <reporter-output>
  </reporter-output>
  <suite name="Default suite" duration-ms="190166" started-at="2021-03-12T21:40:30 IST" finished-at="2021-03-12T21:43:40 IST">
    <groups>
    </groups>
    <test name="Default test" duration-ms="190166" started-at="2021-03-12T21:40:30 IST" finished-at="2021-03-12T21:43:40 IST">
      <class name="com.actitime.testscripts.TestLoginpage">
        <test-method status="PASS" signature="TestLogin()[pri:0, instance:com.actitime.testscripts.TestLoginpage@4b9e255]" name="TestLogin" duration-ms="189568" started-at="2021-03-12T21:40:31 IST" finished-at="2021-03-12T21:43:40 IST">
          <reporter-output>
          </reporter-output>
        </test-method> <!-- TestLogin -->
      </class> <!-- com.actitime.testscripts.TestLoginpage -->
    </test> <!-- Default test -->
  </suite> <!-- Default suite -->
</testng-results>
